
INFO     [2014-02-23 19:07:15,285] Sun Feb 23 19:07:15 2014	Starting yatc...
INFO     [2014-02-23 19:07:15,285] Starting GUI...
INFO     [2014-02-23 19:08:03,982] Starting yatc...
INFO     [2014-02-23 19:08:03,982] Starting GUI...
INFO     [2014-02-23 19:09:44,233] Starting yatc...
DEBUG    [2014-02-23 19:09:44,233] <function Config.read at 0xb71492fc>
INFO     [2014-02-23 19:09:44,233] Starting GUI...
INFO     [2014-02-23 19:10:11,792] Starting yatc...
INFO     [2014-02-23 19:10:27,201] Starting yatc...
INFO     [2014-02-23 19:12:37,161] Starting yatc...
INFO     [2014-02-23 19:13:04,375] Starting yatc...
INFO     [2014-02-23 19:19:28,031] Starting yatc...
INFO     [2014-02-23 19:20:34,414] Starting yatc...
INFO     [2014-02-23 19:25:34,546] Starting yatc...
DEBUG    [2014-02-23 19:25:34,546] {'user': 'pupkin'}
INFO     [2014-02-23 19:25:34,546] Starting GUI...
INFO     [2014-02-23 19:27:06,715] Starting yatc...
DEBUG    [2014-02-23 19:27:06,716] {'user': 'pupkin', 'host': 'localhost', 'password': 'qwerty111', 'domain': 'dom.local'}
INFO     [2014-02-23 19:27:06,716] Starting GUI...
INFO     [2014-02-23 19:33:15,163] Starting yatc...
DEBUG    [2014-02-23 19:33:15,163] {'login': 'pupkin', 'password': 'qwerty111', 'domain': 'dom.local', 'host': 'localhost'}
INFO     [2014-02-23 19:33:15,163] Starting GUI...
INFO     [2014-02-23 19:35:33,056] Starting yatc...
DEBUG    [2014-02-23 19:35:33,057] {'domain': 'dom.local', 'login': 'pupkin', 'password': 'qwerty111', 'host': 'localhost'}
INFO     [2014-02-23 19:35:33,057] Starting GUI...
INFO     [2014-02-23 19:36:14,540] Starting yatc...
DEBUG    [2014-02-23 19:36:14,540] {'domain': 'dom.local', 'login': 'pupkin', 'password': 'qwerty111', 'host': 'localhost'}
INFO     [2014-02-23 19:36:14,540] Starting GUI...
INFO     [2014-02-23 19:36:24,944] Starting yatc...
DEBUG    [2014-02-23 19:36:24,944] {'host': 'localhost', 'password': 'qwerty111', 'domain': 'dom.local'}
INFO     [2014-02-23 19:36:24,944] Starting GUI...
INFO     [2014-02-23 19:39:35,052] Starting yatc...
DEBUG    [2014-02-23 19:39:35,052] {'password': 'qwerty111', 'domain': 'dom.local', 'host': 'localhost'}
INFO     [2014-02-23 19:39:35,053] Starting GUI...
INFO     [2014-02-23 19:39:49,993] Starting yatc...
DEBUG    [2014-02-23 19:39:49,993] {'host': 'localhost', 'password': 'qwerty111', 'domain': 'dom.local', 'login': 'pupkin'}
INFO     [2014-02-23 19:39:49,993] Starting GUI...
INFO     [2014-02-23 19:41:14,048] Starting yatc...
DEBUG    [2014-02-23 19:41:14,048] {'domain': 'dom.local', 'password': 'qwerty111', 'login': 'pupkin', 'host': 'localhost'}
INFO     [2014-02-23 19:41:14,048] Starting GUI...
INFO     [2014-02-23 19:51:00,755] Starting yatc...
DEBUG    [2014-02-23 19:51:00,755] {'password': 'qwerty111', 'login': 'pupkin', 'host': 'localhost', 'domain': 'dom.local'}
INFO     [2014-02-23 19:51:00,755] Starting GUI...
INFO     [2014-02-23 19:53:37,366] Starting yatc...
DEBUG    [2014-02-23 19:53:37,366] {'domain': 'dom.local', 'login': 'pupkin', 'host': 'localhost', 'password': 'qwerty111'}
INFO     [2014-02-23 19:53:37,366] Starting GUI...
INFO     [2014-02-23 19:56:39,576] Starting yatc...
DEBUG    [2014-02-23 19:56:39,576] {'login': 'pupkin', 'password': 'qwerty111', 'host': 'localhost', 'domain': 'dom.local'}
INFO     [2014-02-23 19:56:39,576] Starting GUI...
DEBUG    [2014-02-23 19:56:46,247] Starting RDP...
INFO     [2014-02-23 19:59:06,801] Starting yatc...
DEBUG    [2014-02-23 19:59:06,801] {'host': 'localhost', 'domain': 'dom.local', 'password': 'qwerty111', 'login': 'pupkin'}
INFO     [2014-02-23 19:59:06,801] Starting GUI...
DEBUG    [2014-02-23 19:59:12,874] Starting RDP...
INFO     [2014-02-23 20:02:29,372] Starting yatc...
DEBUG    [2014-02-23 20:02:29,372] {'host': 'localhost', 'login': 'pupkin', 'password': 'qwerty111', 'domain': 'dom.local'}
INFO     [2014-02-23 20:02:29,372] Starting GUI...
INFO     [2014-02-23 20:02:35,366] Starting RDP...
INFO     [2014-02-23 20:03:03,491] Starting yatc...
DEBUG    [2014-02-23 20:03:03,491] {'login': 'pupkin', 'password': 'qwerty111', 'domain': 'dom.local', 'host': 'localhost'}
INFO     [2014-02-23 20:03:03,491] Starting GUI...
INFO     [2014-02-23 20:03:09,611] Starting RDP...
DEBUG    [2014-02-23 20:03:09,612] config before rdp start: {'login': 'pupkin', 'password': 'test2', 'domain': 'dom.local', 'host': 'localhost'}
INFO     [2014-02-23 20:21:59,122] Starting yatc...
DEBUG    [2014-02-23 20:21:59,122] {'password': 'qwerty111', 'login': 'pupkin', 'host': 'localhost', 'domain': 'dom.local'}
INFO     [2014-02-23 20:21:59,122] Starting GUI...
INFO     [2014-02-23 20:32:57,647] Starting yatc...
DEBUG    [2014-02-23 20:32:57,647] {'login': 'pupkin', 'password': 'qwerty111', 'host': 'localhost', 'domain': 'dom.local'}
INFO     [2014-02-23 20:32:57,647] Starting GUI...
INFO     [2014-02-23 20:34:41,770] Starting yatc...
DEBUG    [2014-02-23 20:34:41,770] {'login': 'pupkin', 'password': 'qwerty111', 'host': 'localhost', 'domain': 'dom.local'}
INFO     [2014-02-23 20:34:41,771] Starting GUI...
INFO     [2014-02-23 20:35:11,124] Starting yatc...
DEBUG    [2014-02-23 20:35:11,124] {'domain': 'dom.local', 'password': 'qwerty111', 'host': 'localhost', 'login': 'pupkin'}
INFO     [2014-02-23 20:35:11,124] Starting GUI...
INFO     [2014-02-23 20:35:49,584] Starting yatc...
DEBUG    [2014-02-23 20:35:49,585] {'login': 'pupkin', 'password': 'qwerty111', 'host': 'localhost', 'domain': 'dom.local'}
INFO     [2014-02-23 20:35:49,585] Starting GUI...
INFO     [2014-02-23 20:36:21,586] Starting RDP...
DEBUG    [2014-02-23 20:36:21,587] config before rdp start: {'login': 'pupkin', 'password': '', 'host': 'localhost', 'domain': 'dom.local'}
INFO     [2014-02-23 20:39:26,335] Starting yatc...
DEBUG    [2014-02-23 20:39:26,335] {'domain': 'dom.local', 'login': 'pupkin', 'host': 'localhost', 'password': 'qwerty111'}
INFO     [2014-02-23 20:39:26,336] Starting GUI...
INFO     [2014-02-23 20:39:40,055] Starting RDP...
DEBUG    [2014-02-23 20:39:40,057] config before rdp start: {'domain': 'dom.local', 'login': 'pupkin', 'host': '122344556', 'password': ''}
INFO     [2014-02-23 20:48:28,872] Starting yatc...
DEBUG    [2014-02-23 20:48:28,872] {'password': 'qwerty111', 'domain': 'dom.local', 'login': 'pupkin', 'host': 'localhost'}
INFO     [2014-02-23 20:48:28,872] Starting GUI...
INFO     [2014-02-23 20:49:18,910] Starting yatc...
DEBUG    [2014-02-23 20:49:18,910] {'host': 'localhost', 'login': 'pupkin', 'password': 'qwerty111', 'domain': 'dom.local'}
INFO     [2014-02-23 20:49:18,910] Starting GUI...
INFO     [2014-02-23 20:49:58,848] Starting yatc...
DEBUG    [2014-02-23 20:49:58,849] {'host': 'localhost', 'login': 'pupkin', 'password': 'qwerty111', 'domain': 'dom.local'}
INFO     [2014-02-23 20:49:58,849] Starting GUI...
INFO     [2014-02-23 20:50:38,663] Starting yatc...
DEBUG    [2014-02-23 20:50:38,663] {'domain': 'dom.local', 'host': 'localhost', 'password': 'qwerty111', 'login': 'pupkin'}
INFO     [2014-02-23 20:50:38,663] Starting GUI...
INFO     [2014-02-23 20:51:51,492] Starting yatc...
DEBUG    [2014-02-23 20:51:51,493] {'domain': 'dom.local', 'password': 'qwerty111', 'host': 'localhost', 'login': 'pupkin'}
INFO     [2014-02-23 20:51:51,493] Starting GUI...
INFO     [2014-02-23 21:00:21,322] Starting yatc...
DEBUG    [2014-02-23 21:00:21,322] {'login': 'pupkin', 'host': 'localhost', 'domain': 'dom.local', 'password': 'qwerty111'}
INFO     [2014-02-23 21:00:21,322] Starting GUI...
INFO     [2014-02-23 21:00:35,070] Starting RDP...
DEBUG    [2014-02-23 21:00:35,074] config before rdp start: {'login': 'pupkin', 'host': '', 'domain': 'dom.local', 'password': ''}
INFO     [2014-02-23 21:00:41,408] Starting yatc...
DEBUG    [2014-02-23 21:00:41,409] {'host': 'localhost', 'domain': 'dom.local', 'login': 'pupkin', 'password': 'qwerty111'}
INFO     [2014-02-23 21:00:41,409] Starting GUI...
INFO     [2014-02-23 21:02:06,080] Starting yatc...
DEBUG    [2014-02-23 21:02:06,080] {'host': 'localhost', 'domain': 'dom.local', 'login': 'pupkin', 'password': 'qwerty111'}
INFO     [2014-02-23 21:02:06,080] Starting GUI...
INFO     [2014-02-23 21:02:22,999] Starting yatc...
DEBUG    [2014-02-23 21:02:22,999] {'domain': 'dom.local', 'host': 'localhost', 'login': 'pupkin', 'password': 'qwerty111'}
INFO     [2014-02-23 21:02:23,000] Starting GUI...
INFO     [2014-02-23 21:02:48,441] Starting yatc...
DEBUG    [2014-02-23 21:02:48,441] {'host': 'localhost', 'password': 'qwerty111', 'domain': 'dom.local', 'login': 'pupkin'}
INFO     [2014-02-23 21:02:48,441] Starting GUI...
INFO     [2014-02-23 21:03:20,599] Starting yatc...
DEBUG    [2014-02-23 21:03:20,599] {'login': 'pupkin', 'password': 'qwerty111', 'domain': 'dom.local', 'host': 'localhost'}
INFO     [2014-02-23 21:03:20,600] Starting GUI...
INFO     [2014-02-23 21:06:52,542] Starting yatc...
DEBUG    [2014-02-23 21:06:52,542] {'host': 'localhost', 'password': 'qwerty111', 'login': 'pupkin', 'domain': 'dom.local'}
INFO     [2014-02-23 21:06:52,542] Starting GUI...
INFO     [2014-02-23 21:07:07,388] Starting yatc...
DEBUG    [2014-02-23 21:07:07,388] {'host': 'localhost', 'password': 'qwerty111', 'domain': 'dom.local', 'login': 'pupkin'}
INFO     [2014-02-23 21:07:07,388] Starting GUI...
INFO     [2014-02-23 21:07:50,338] Starting yatc...
DEBUG    [2014-02-23 21:07:50,339] {'host': 'localhost', 'password': 'qwerty111', 'login': 'pupkin', 'domain': 'dom.local'}
INFO     [2014-02-23 21:07:50,339] Starting GUI...
INFO     [2014-02-23 21:08:23,399] Starting yatc...
DEBUG    [2014-02-23 21:08:23,399] {'host': 'localhost', 'password': 'qwerty111', 'login': 'pupkin', 'domain': 'dom.local'}
INFO     [2014-02-23 21:08:23,399] Starting GUI...
INFO     [2014-02-23 21:08:57,902] Starting yatc...
DEBUG    [2014-02-23 21:08:57,902] {'password': 'qwerty111', 'login': 'pupkin', 'host': 'localhost', 'domain': 'dom.local'}
INFO     [2014-02-23 21:08:57,902] Starting GUI...
INFO     [2014-02-23 21:09:39,702] Starting yatc...
DEBUG    [2014-02-23 21:09:39,702] {'host': 'localhost', 'domain': 'dom.local', 'login': 'pupkin', 'password': 'qwerty111'}
INFO     [2014-02-23 21:09:39,702] Starting GUI...
INFO     [2014-02-23 21:10:23,185] Starting yatc...
DEBUG    [2014-02-23 21:10:23,185] {'domain': 'dom.local', 'host': 'localhost', 'password': 'qwerty111', 'login': 'pupkin'}
INFO     [2014-02-23 21:10:23,185] Starting GUI...
INFO     [2014-02-23 21:10:35,733] Starting yatc...
DEBUG    [2014-02-23 21:10:35,734] {'domain': 'dom.local', 'login': 'pupkin', 'password': 'qwerty111', 'host': 'localhost'}
INFO     [2014-02-23 21:10:35,734] Starting GUI...
INFO     [2014-02-23 21:11:29,772] Starting yatc...
DEBUG    [2014-02-23 21:11:29,773] {'password': 'qwerty111', 'login': 'pupkin', 'domain': 'dom.local', 'host': 'localhost'}
INFO     [2014-02-23 21:11:29,773] Starting GUI...
INFO     [2014-02-23 21:14:16,346] Starting yatc...
DEBUG    [2014-02-23 21:14:16,346] {'password': 'qwerty111', 'login': 'pupkin', 'domain': 'dom.local', 'host': 'localhost'}
INFO     [2014-02-23 21:14:16,346] Starting GUI...
INFO     [2014-02-23 21:17:47,444] Starting yatc...
DEBUG    [2014-02-23 21:17:47,445] {'domain': 'dom.local', 'login': 'pupkin', 'host': 'localhost', 'password': 'qwerty111'}
INFO     [2014-02-23 21:17:47,445] Starting GUI...
INFO     [2014-02-23 21:18:06,924] Starting yatc...
DEBUG    [2014-02-23 21:18:06,924] {'password': 'qwerty111', 'host': 'localhost', 'login': 'pupkin', 'domain': 'dom.local'}
INFO     [2014-02-23 21:18:06,924] Starting GUI...
INFO     [2014-02-23 21:18:17,639] Starting RDP...
DEBUG    [2014-02-23 21:18:17,640] config before rdp start: {'password': '', 'host': '', 'login': 'pupkin', 'domain': '', 'saveUser': 0}
INFO     [2014-02-23 21:22:36,261] Starting yatc...
DEBUG    [2014-02-23 21:22:36,261] {'host': 'localhost', 'domain': 'dom.local', 'password': 'qwerty111', 'login': 'pupkin'}
INFO     [2014-02-23 21:22:36,261] Starting GUI...
INFO     [2014-02-23 21:22:51,596] Starting RDP...
DEBUG    [2014-02-23 21:22:51,598] config before rdp start: {'host': 'host', 'domain': 'dommm', 'saveUser': 0, 'password': '', 'login': 'pupkin'}
INFO     [2014-02-23 21:24:19,486] Starting yatc...
DEBUG    [2014-02-23 21:24:19,486] {'login': 'pupkin', 'password': 'qwerty111', 'host': 'localhost', 'domain': 'dom.local'}
INFO     [2014-02-23 21:24:19,486] Starting GUI...
INFO     [2014-02-23 21:24:24,836] Starting RDP...
DEBUG    [2014-02-23 21:24:24,838] config before rdp start: {'login': 'pupkin', 'password': '', 'host': '', 'domain': '', 'saveUser': 0}
INFO     [2014-02-23 21:25:22,442] Starting yatc...
DEBUG    [2014-02-23 21:25:22,442] {'domain': 'dom.local', 'password': 'qwerty111', 'host': 'localhost', 'login': 'pupkin'}
INFO     [2014-02-23 21:25:22,442] Starting GUI...
INFO     [2014-02-23 21:37:38,732] Starting yatc...
DEBUG    [2014-02-23 21:37:38,732] {'domain': 'dom.local', 'password': 'qwerty111', 'host': 'localhost', 'login': 'pupkin'}
INFO     [2014-02-23 21:37:38,733] Starting GUI...
INFO     [2014-02-23 21:38:16,906] Starting yatc...
DEBUG    [2014-02-23 21:38:16,906] {'domain': 'dom.local', 'password': 'qwerty111', 'login': 'pupkin', 'host': 'localhost'}
INFO     [2014-02-23 21:38:16,906] Starting GUI...
INFO     [2014-02-23 21:38:26,600] Starting RDP...
DEBUG    [2014-02-23 21:38:26,601] config before rdp start: {'domain': 'dom.local', 'password': '', 'saveUser': 0, 'login': 'pupkin', 'host': 'localhost'}
INFO     [2014-02-23 21:39:01,560] Starting yatc...
DEBUG    [2014-02-23 21:39:01,560] {'login': 'pupkin', 'password': 'qwerty111', 'host': 'localhost', 'domain': 'dom.local'}
INFO     [2014-02-23 21:39:01,560] Starting GUI...
INFO     [2014-02-23 21:40:23,181] Starting yatc...
DEBUG    [2014-02-23 21:40:23,182] {'password': 'qwerty111', 'domain': 'dom.local', 'login': 'pupkin', 'host': 'localhost'}
INFO     [2014-02-23 21:40:23,182] Starting GUI...
INFO     [2014-02-23 21:41:00,936] Starting yatc...
DEBUG    [2014-02-23 21:41:00,937] {'password': 'qwerty111', 'login': 'pupkin', 'domain': 'dom.local', 'host': 'localhost'}
INFO     [2014-02-23 21:41:00,937] Starting GUI...
INFO     [2014-02-23 21:41:12,855] Starting RDP...
DEBUG    [2014-02-23 21:41:12,856] config before rdp start: {'password': '', 'login': 'pupkin', 'saveUser': <tkinter.IntVar object at 0xb7021bac>, 'domain': 'dom.local', 'host': 'localhost'}
INFO     [2014-02-23 21:41:39,307] Starting yatc...
DEBUG    [2014-02-23 21:41:39,307] {'host': 'localhost', 'domain': 'dom.local', 'login': 'pupkin', 'password': 'qwerty111'}
INFO     [2014-02-23 21:41:39,307] Starting GUI...
INFO     [2014-02-23 21:41:46,332] Starting RDP...
DEBUG    [2014-02-23 21:41:46,333] config before rdp start: {'saveUser': 1, 'host': 'localhost', 'domain': 'dom.local', 'login': 'pupkin', 'password': ''}
INFO     [2014-02-23 21:44:01,690] Starting yatc...
DEBUG    [2014-02-23 21:44:01,690] {'login': 'pupkin', 'domain': 'dom.local', 'host': 'localhost', 'password': 'qwerty111'}
INFO     [2014-02-23 21:44:01,690] Starting GUI...
INFO     [2014-02-23 21:44:32,650] Starting yatc...
DEBUG    [2014-02-23 21:44:32,650] {'domain': 'dom.local', 'password': 'qwerty111', 'login': 'pupkin', 'host': 'localhost'}
INFO     [2014-02-23 21:44:32,650] Starting GUI...
INFO     [2014-02-23 21:44:39,652] Starting RDP...
DEBUG    [2014-02-23 21:44:39,653] config before rdp start: {'domain': 'dom.local', 'password': '', 'saveUser': 1, 'login': 'pupkin', 'host': 'localhost'}
INFO     [2014-02-23 21:45:09,562] Starting yatc...
DEBUG    [2014-02-23 21:45:09,562] {'password': 'qwerty111', 'login': 'pupkin', 'host': 'localhost', 'saveUser': '1', 'domain': 'dom.local'}
INFO     [2014-02-23 21:45:09,562] Starting GUI...
INFO     [2014-02-23 21:46:02,206] Starting yatc...
DEBUG    [2014-02-23 21:46:02,206] {'domain': 'dom.local', 'login': 'pupkin', 'saveUser': '1', 'host': 'localhost', 'password': 'qwerty111'}
INFO     [2014-02-23 21:46:02,206] Starting GUI...
INFO     [2014-02-23 21:47:38,195] Starting yatc...
DEBUG    [2014-02-23 21:47:38,195] {'saveUser': '1', 'domain': 'dom.local', 'host': 'localhost', 'login': 'pupkin', 'password': 'qwerty111'}
INFO     [2014-02-23 21:47:38,195] Starting GUI...
INFO     [2014-02-23 21:47:47,353] Starting RDP...
DEBUG    [2014-02-23 21:47:47,354] config before rdp start: {'saveUser': 1, 'domain': 'dom.local', 'host': 'localhost', 'login': 'pupkin', 'password': ''}
INFO     [2014-02-23 21:48:18,132] Starting yatc...
DEBUG    [2014-02-23 21:48:18,132] {'domain': 'dom.local', 'host': 'localhost', 'saveUser': '1', 'password': 'qwerty111', 'login': 'pupkin'}
INFO     [2014-02-23 21:48:18,132] Starting GUI...
INFO     [2014-02-23 21:48:22,322] Starting RDP...
DEBUG    [2014-02-23 21:48:22,322] config before rdp start: {'domain': 'dom.local', 'host': 'localhost', 'saveUser': 0, 'password': '', 'login': 'pupkin'}
INFO     [2014-02-24 00:14:27,808] Starting yatc...
INFO     [2014-02-24 00:14:48,141] Starting yatc...
DEBUG    [2014-02-24 00:14:48,141] {'saveUser': '1', 'domain': 'dom.local', 'host': 'localhost', 'password': 'qwerty111', 'login': 'pupkin'}
INFO     [2014-02-24 00:14:48,141] Starting GUI...
INFO     [2014-02-24 00:15:58,810] Starting yatc...
DEBUG    [2014-02-24 00:15:58,810] {'domain': 'dom.local', 'host': 'localhost', 'saveUser': '1', 'password': 'qwerty111', 'login': 'pupkin'}
INFO     [2014-02-24 00:15:58,810] Starting GUI...
INFO     [2014-02-24 00:18:29,899] Starting yatc...
DEBUG    [2014-02-24 00:18:29,899] {'login': 'pupkin', 'password': 'qwerty111', 'host': 'localhost', 'domain': 'dom.local', 'saveUser': '1'}
INFO     [2014-02-24 00:18:29,899] Starting GUI...
INFO     [2014-02-24 00:19:05,960] Starting yatc...
DEBUG    [2014-02-24 00:19:05,960] {'host': 'localhost', 'login': 'pupkin', 'password': 'qwerty111', 'domain': 'dom.local', 'saveUser': '1'}
INFO     [2014-02-24 00:19:05,960] Starting GUI...
INFO     [2014-02-24 00:19:19,657] Starting RDP...
DEBUG    [2014-02-24 00:19:19,658] Config before rdp start: {'host': 'localhost', 'login': 'pupkin', 'password': '', 'domain': 'dom.local', 'saveUser': 0}
INFO     [2014-02-24 00:45:39,506] Starting yatc...
DEBUG    [2014-02-24 00:45:39,507] {'login': 'pupkin', 'saveUser': '1', 'password': 'qwerty111', 'host': 'localhost', 'domain': 'dom.local'}
INFO     [2014-02-24 00:45:39,507] Starting GUI...
INFO     [2014-02-24 00:46:52,846] Starting yatc...
DEBUG    [2014-02-24 00:46:52,846] {'saveUser': '1', 'domain': 'dom.local', 'host': 'localhost', 'password': 'qwerty111', 'login': 'pupkin'}
INFO     [2014-02-24 00:46:52,846] Starting GUI...
INFO     [2014-02-24 00:47:11,387] Starting yatc...
DEBUG    [2014-02-24 00:47:11,388] {'saveUser': '1', 'login': 'pupkin', 'password': 'qwerty111', 'host': 'localhost', 'domain': 'mec.int'}
INFO     [2014-02-24 00:47:11,388] Starting GUI...
INFO     [2014-02-24 00:49:57,948] Starting yatc...
DEBUG    [2014-02-24 00:49:57,948] {'domain': 'mec.int', 'login': 'pupkin', 'password': 'qwerty111', 'saveUser': '0', 'host': 'localhost'}
INFO     [2014-02-24 00:49:57,948] Starting GUI...
INFO     [2014-02-24 00:50:18,575] Starting yatc...
DEBUG    [2014-02-24 00:50:18,575] {'user': 'None', 'login': 'pupkin', 'password': 'qwerty111', 'saveUser': '0', 'host': 'localhost', 'domain': 'mec.int'}
INFO     [2014-02-24 00:50:18,575] Starting GUI...
INFO     [2014-02-24 00:50:46,905] Starting yatc...
DEBUG    [2014-02-24 00:50:46,905] {'password': 'qwerty111', 'domain': 'mec.int', 'user': 'None', 'login': 'pupkin', 'host': 'localhost', 'saveUser': '0'}
INFO     [2014-02-24 00:50:46,905] Starting GUI...
INFO     [2014-02-24 00:51:06,869] Starting yatc...
DEBUG    [2014-02-24 00:51:06,870] {'password': 'qwerty111', 'login': 'None', 'saveUser': '0', 'domain': 'mec.int', 'user': 'None', 'host': 'localhost'}
INFO     [2014-02-24 00:51:06,870] Starting GUI...
INFO     [2014-02-24 00:53:07,110] Starting yatc...
DEBUG    [2014-02-24 00:53:07,110] {'domain': 'mec.int', 'login': 'None', 'saveUser': '0', 'password': 'qwerty111', 'user': 'None', 'host': 'localhost'}
INFO     [2014-02-24 00:53:07,110] Starting GUI...
INFO     [2014-02-24 00:53:23,660] Starting yatc...
DEBUG    [2014-02-24 00:53:23,660] {'host': 'localhost', 'saveUser': '0', 'password': 'qwerty111', 'domain': 'mec.int'}
INFO     [2014-02-24 00:53:23,660] Starting GUI...
INFO     [2014-02-24 00:53:46,617] Starting yatc...
DEBUG    [2014-02-24 00:53:46,617] {'password': 'qwerty111', 'host': 'localhost', 'saveUser': '1', 'domain': 'mec.int'}
INFO     [2014-02-24 00:53:46,617] Starting GUI...
INFO     [2014-02-24 00:53:57,537] Starting RDP...
DEBUG    [2014-02-24 00:53:57,538] Config before rdp start: {'password': '111', 'host': 'localhost', 'login': 'sssss', 'saveUser': 1, 'domain': 'mec.int'}
INFO     [2014-02-24 00:58:40,115] Starting yatc...
DEBUG    [2014-02-24 00:58:40,115] {'domain': 'mec.int', 'host': 'localhost', 'saveUser': '1'}
INFO     [2014-02-24 00:58:40,115] Starting GUI...
INFO     [2014-02-24 01:07:10,255] Starting yatc...
INFO     [2014-02-24 01:07:10,256] Config initialized.
INFO     [2014-02-24 01:07:10,256] Configuration read.
DEBUG    [2014-02-24 01:07:10,256] {'domain': 'mec.int', 'host': 'localhost', 'saveUser': '1'}
INFO     [2014-02-24 01:07:10,256] Starting GUI...
INFO     [2014-02-24 01:07:18,164] Config initialized.
INFO     [2014-02-24 01:07:18,165] Configuration wrote.
INFO     [2014-02-24 01:07:27,941] Configuration wrote.
INFO     [2014-02-24 01:07:27,941] Starting RDP...
DEBUG    [2014-02-24 01:07:27,942] Config before rdp start: {'domain': 'mec.int', 'login': 'mec_kvinogradov', 'host': 'localhost', 'password': 'test1', 'saveUser': 1}
DEBUG    [2014-02-24 01:07:27,973] Connection result: 131
